<?xml version="1.0" encoding="UTF-8"?>
<testsuite name="cz.company.logic.LogicTest" tests="6" skipped="0" failures="0" errors="0" timestamp="2021-05-14T11:59:40" hostname="Martin-iMac" time="0.02">
  <properties/>
  <testcase name="factorial()" classname="cz.company.logic.LogicTest" time="0.014"/>
  <testcase name="plus()" classname="cz.company.logic.LogicTest" time="0.001"/>
  <testcase name="minus()" classname="cz.company.logic.LogicTest" time="0.0"/>
  <testcase name="power()" classname="cz.company.logic.LogicTest" time="0.0"/>
  <testcase name="times()" classname="cz.company.logic.LogicTest" time="0.0"/>
  <testcase name="divided()" classname="cz.company.logic.LogicTest" time="0.0"/>
  <system-out><![CDATA[]]></system-out>
  <system-err><![CDATA[]]></system-err>
</testsuite>
